https://www.youtube.com/playlist?list=PLghQluB4WMBkIVWJwLV32lENJQCDUndBm	1980s fun movies
https://www.youtube.com/playlist?list=PLghQluB4WMBmhVyr1yEGdxMX2ZjgMuNmo	2015-04 Atletico Madrid Vicente Calderon
https://www.youtube.com/playlist?list=PLghQluB4WMBlMpuGhBrNcIr5S9oReVyWC	All time favorites
https://www.youtube.com/playlist?list=PLghQluB4WMBklVH1maM-UPvZwksWlQsBG	Atletico Madrid
https://www.youtube.com/playlist?list=PLghQluB4WMBlyT-nUkmGwNhU-HjrduMOQ	Atletico Madrid - Villa de Madrid
https://www.youtube.com/playlist?list=PLghQluB4WMBlTIxJX7b20CToRXIb8DSv3	Atletico Madrid English commentary
https://www.youtube.com/playlist?list=PLghQluB4WMBkpHhezgYRI9q7xyyV_WfDy	Atletico Madrid English commentary (www.atleticomadridhistory.com)
https://www.youtube.com/playlist?list=PLghQluB4WMBk1dNYh3tjL4_vAJveMDJAD	Atletico Madrid season reviews
https://www.youtube.com/playlist?list=PLghQluB4WMBll11M8eTncG5Dyx19o--Rq	Bret Hart Ric Flair verbal wars
https://www.youtube.com/playlist?list=PLghQluB4WMBl9ZUihn-pwMMOrW7y9wWWG	Cats
https://www.youtube.com/playlist?list=PLghQluB4WMBmVLJKdlVetgk4lLtkrcGfA	Cats_home
https://www.youtube.com/playlist?list=PLghQluB4WMBneayBATPJSkPBvJtjEUYjB	CM Punk promos
https://www.youtube.com/playlist?list=PLghQluB4WMBkhWZ1kweLMsVX-LPDfcv_Y	Download these
https://www.youtube.com/playlist?list=PLghQluB4WMBmb6mXsPF4LK7jbuEK2AC4v	favorites
https://www.youtube.com/playlist?list=PLghQluB4WMBks-xN_EvYmzsmGIjeBuAzu	Hymns
https://www.youtube.com/playlist?list=PLghQluB4WMBlQlGbAFRH1buQ7Ip-tDGHy	Liverpool FC shoot interviews
https://www.youtube.com/playlist?list=PLghQluB4WMBmG44590NvV89uLz_gxPEJh	Liverpool songs
https://www.youtube.com/playlist?list=PLghQluB4WMBmXX3jq8JQMQVJunF3EYViT	Liverpool wins against big teams
https://www.youtube.com/playlist?list=PLghQluB4WMBm9kipPPgmwcuwgjkQLFYpt	Liverpool wins over Man Utd
https://www.youtube.com/playlist?list=PLghQluB4WMBm1qTmoghfkF3DOeZ25R78a	Liverpool wins over Man Utd (NBCSN)
https://www.youtube.com/playlist?list=PLghQluB4WMBmehwQI7Izg8grUw9NoRZlF	mona khan favorites
https://www.youtube.com/playlist?list=PLghQluB4WMBnTiULmFSeq85ApMl26fTnX	r23c
https://www.youtube.com/playlist?list=PLghQluB4WMBlclOHXYJwWLuuG07ZlIuuE	Season Reviews (Clubs)
https://www.youtube.com/playlist?list=PLghQluB4WMBlrhfo3lekKs-dXcojIy6eX	Shoot interviews - soccer
https://www.youtube.com/playlist?list=PLghQluB4WMBmxEyi2zEGN_gRxlc7N0ISu	Soccer - documentaries
https://www.youtube.com/playlist?list=PLghQluB4WMBn4kiFGyGLMsfZehzWtsT2k	Soccer - England home defeats
https://www.youtube.com/playlist?list=PLghQluB4WMBnoT7oXh1n_Z7i4kNuza2p8	Soccer teams singing
https://www.youtube.com/playlist?list=PLghQluB4WMBm5HTRAATC7ZDiUHLTXsgZ9	Soccer Club Official History (vhs)
https://www.youtube.com/playlist?list=PLghQluB4WMBkutgcyZhvyoVz0IPrU52qq	stadium, arena demolitions
https://www.youtube.com/playlist?list=PLghQluB4WMBlU9Bs8UHf8VVqG3ZAyLOjN	Transformers G1 soundtracks
https://www.youtube.com/playlist?list=PLghQluB4WMBm3k_nANLaJowY5GEmFDQgN	UEFA Super Cups
https://www.youtube.com/playlist?list=PLghQluB4WMBmktx39rpdfBmlg8IkKGS3L	VHS Football Italia
https://www.youtube.com/playlist?list=PLghQluB4WMBnSIZzIYGRu8RpOYYXDSnOU	VHS soccer
https://www.youtube.com/playlist?list=PLghQluB4WMBnb4G2oQ4ymdxG17Ur8pRn9	VHS soccer (non-English)
https://www.youtube.com/playlist?list=PLghQluB4WMBlBqUrHi2_G_yw4NJkVnT7_	watch when bored
https://www.youtube.com/playlist?list=PLghQluB4WMBkzFM2TJBCQmB4zQq5_5IQ7	World Cup 1998
https://www.youtube.com/playlist?list=PLghQluB4WMBncYVHwKHKuT0XaGNAvb-hr	World Cup 2014
https://www.youtube.com/playlist?list=PLghQluB4WMBnYMKfXZuh6wuDzSBfEiiRf	Wrestlemania promos
https://www.youtube.com/playlist?list=PLghQluB4WMBmBqsPnTS2ckwS1OL_roEwJ	WWE impersonations
https://www.youtube.com/playlist?list=PLghQluB4WMBmDt4iSIUJqZ0tra35o0CBm	WWE montages
https://www.youtube.com/playlist?list=PLghQluB4WMBnRIgY8BhygMw9-aForVaNM	WWE MSG
https://www.youtube.com/playlist?list=PLghQluB4WMBkN91o8wX1TAZucEYeZa4qV	WWE TV broadcasts
https://www.youtube.com/playlist?list=PLghQluB4WMBkXQUXzXBTRtgsnO35Kgdv1	WWF
https://www.youtube.com/playlist?list=PLghQluB4WMBlMqkaC5KEQbWT7sGnt3a0S	WWF heel vs heel
https://www.youtube.com/playlist?list=PLghQluB4WMBmK_ygkEosdcrQch55_ktJW	WWF Mania exclusives
https://www.youtube.com/playlist?list=PLghQluB4WMBks2GeCHHYkRpIsMJD86srV	WWF New Generation Stock Music
https://www.youtube.com/playlist?list=PLghQluB4WMBmOpu93WfdRKZ3O2SzoAD1i	WWF rare
https://www.youtube.com/playlist?list=PLghQluB4WMBmAh41T4hFKlITDmnzyv4HH	WWF Tag Title changes
https://www.youtube.com/playlist?list=PLghQluB4WMBnjJxqScfBJTmHOnpMnctPl	WWF turns
https://www.youtube.com/playlist?list=PLghQluB4WMBkUMSVfhFQH4bUN1N8d72jc	wwf vignettes
